# JRE version: Java(TM) SE Runtime Environment (8.0_92-b14) (build 1.8.0_92-b14)
# Java VM: Java HotSpot(TM) Client VM (25.92-b14 mixed mode windows-x86 )
Heap:
 def new generation   total 39424K, used 28776K [0x05000000, 0x07ac0000, 0x0faa0000)
  eden space 35072K,  80% used [0x05000000, 0x06b8b498, 0x07240000)
  from space 4352K,  13% used [0x07240000, 0x072ceed0, 0x07680000)
  to   space 4352K,   0% used [0x07680000, 0x07680000, 0x07ac0000)
 tenured generation   total 87424K, used 59423K [0x0faa0000, 0x15000000, 0x25000000)
   the space 87424K,  67% used [0x0faa0000, 0x134a7e80, 0x134a8000, 0x15000000)
 Metaspace       used 19282K, capacity 19831K, committed 20096K, reserved 20864K
GC Heap History (10 events):
Event: 516974.851 GC heap before
{Heap before GC invocations=5184 (full 2):
 def new generation   total 39424K, used 35189K [0x05000000, 0x07ac0000, 0x0faa0000)
  eden space 35072K, 100% used [0x05000000, 0x07240000, 0x07240000)
  from space 4352K,   2% used [0x07680000, 0x0769d528, 0x07ac0000)
  to   space 4352K,   0% used [0x07240000, 0x07240000, 0x07680000)
 tenured generation   total 87424K, used 54956K [0x0faa0000, 0x15000000, 0x25000000)
   the space 87424K,  62% used [0x0faa0000, 0x1304b088, 0x1304b200, 0x15000000)
 Metaspace       used 19240K, capacity 19796K, committed 20096K, reserved 20864K
Event: 516974.855 GC heap after
Heap after GC invocations=5185 (full 2):
 def new generation   total 39424K, used 573K [0x05000000, 0x07ac0000, 0x0faa0000)
  eden space 35072K,   0% used [0x05000000, 0x05000000, 0x07240000)
  from space 4352K,  13% used [0x07240000, 0x072cf788, 0x07680000)
  to   space 4352K,   0% used [0x07680000, 0x07680000, 0x07ac0000)
 tenured generation   total 87424K, used 54956K [0x0faa0000, 0x15000000, 0x25000000)
   the space 87424K,  62% used [0x0faa0000, 0x1304b088, 0x1304b200, 0x15000000)
 Metaspace       used 19240K, capacity 19796K, committed 20096K, reserved 20864K
}
Event: 517087.761 GC heap before
{Heap before GC invocations=5185 (full 2):
 def new generation   total 39424K, used 35645K [0x05000000, 0x07ac0000, 0x0faa0000)
  eden space 35072K, 100% used [0x05000000, 0x07240000, 0x07240000)
  from space 4352K,  13% used [0x07240000, 0x072cf788, 0x07680000)
  to   space 4352K,   0% used [0x07680000, 0x07680000, 0x07ac0000)
 tenured generation   total 87424K, used 54956K [0x0faa0000, 0x15000000, 0x25000000)
   the space 87424K,  62% used [0x0faa0000, 0x1304b088, 0x1304b200, 0x15000000)
 Metaspace       used 19282K, capacity 19831K, committed 20096K, reserved 20864K
Event: 517087.773 GC heap after
Heap after GC invocations=5186 (full 2):
 def new generation   total 39424K, used 2700K [0x05000000, 0x07ac0000, 0x0faa0000)
  eden space 35072K,   0% used [0x05000000, 0x05000000, 0x07240000)
  from space 4352K,  62% used [0x07680000, 0x07923230, 0x07ac0000)
  to   space 4352K,   0% used [0x07240000, 0x07240000, 0x07680000)
 tenured generation   total 87424K, used 54956K [0x0faa0000, 0x15000000, 0x25000000)
   the space 87424K,  62% used [0x0faa0000, 0x1304b088, 0x1304b200, 0x15000000)
 Metaspace       used 19282K, capacity 19831K, committed 20096K, reserved 20864K
}
Event: 517206.798 GC heap before
{Heap before GC invocations=5186 (full 2):
 def new generation   total 39424K, used 37772K [0x05000000, 0x07ac0000, 0x0faa0000)
  eden space 35072K, 100% used [0x05000000, 0x07240000, 0x07240000)
  from space 4352K,  62% used [0x07680000, 0x07923230, 0x07ac0000)
  to   space 4352K,   0% used [0x07240000, 0x07240000, 0x07680000)
 tenured generation   total 87424K, used 54956K [0x0faa0000, 0x15000000, 0x25000000)
   the space 87424K,  62% used [0x0faa0000, 0x1304b088, 0x1304b200, 0x15000000)
 Metaspace       used 19282K, capacity 19831K, committed 20096K, reserved 20864K
Event: 517206.804 GC heap after
Heap after GC invocations=5187 (full 2):
 def new generation   total 39424K, used 673K [0x05000000, 0x07ac0000, 0x0faa0000)
  eden space 35072K,   0% used [0x05000000, 0x05000000, 0x07240000)
  from space 4352K,  15% used [0x07240000, 0x072e85d8, 0x07680000)
  to   space 4352K,   0% used [0x07680000, 0x07680000, 0x07ac0000)
 tenured generation   total 87424K, used 57200K [0x0faa0000, 0x15000000, 0x25000000)
   the space 87424K,  65% used [0x0faa0000, 0x1327c130, 0x1327c200, 0x15000000)
 Metaspace       used 19282K, capacity 19831K, committed 20096K, reserved 20864K
}
Event: 517297.059 GC heap before
{Heap before GC invocations=5187 (full 2):
 def new generation   total 39424K, used 35745K [0x05000000, 0x07ac0000, 0x0faa0000)
  eden space 35072K, 100% used [0x05000000, 0x07240000, 0x07240000)
  from space 4352K,  15% used [0x07240000, 0x072e85d8, 0x07680000)
  to   space 4352K,   0% used [0x07680000, 0x07680000, 0x07ac0000)
 tenured generation   total 87424K, used 57200K [0x0faa0000, 0x15000000, 0x25000000)
   the space 87424K,  65% used [0x0faa0000, 0x1327c130, 0x1327c200, 0x15000000)
 Metaspace       used 19282K, capacity 19831K, committed 20096K, reserved 20864K
Event: 517297.063 GC heap after
Heap after GC invocations=5188 (full 2):
 def new generation   total 39424K, used 3054K [0x05000000, 0x07ac0000, 0x0faa0000)
  eden space 35072K,   0% used [0x05000000, 0x05000000, 0x07240000)
  from space 4352K,  70% used [0x07680000, 0x0797b8c0, 0x07ac0000)
  to   space 4352K,   0% used [0x07240000, 0x07240000, 0x07680000)
 tenured generation   total 87424K, used 57200K [0x0faa0000, 0x15000000, 0x25000000)
   the space 87424K,  65% used [0x0faa0000, 0x1327c130, 0x1327c200, 0x15000000)
 Metaspace       used 19282K, capacity 19831K, committed 20096K, reserved 20864K
}
Event: 517346.774 GC heap before
{Heap before GC invocations=5188 (full 2):
 def new generation   total 39424K, used 38126K [0x05000000, 0x07ac0000, 0x0faa0000)
  eden space 35072K, 100% used [0x05000000, 0x07240000, 0x07240000)
  from space 4352K,  70% used [0x07680000, 0x0797b8c0, 0x07ac0000)
  to   space 4352K,   0% used [0x07240000, 0x07240000, 0x07680000)
 tenured generation   total 87424K, used 57200K [0x0faa0000, 0x15000000, 0x25000000)
   the space 87424K,  65% used [0x0faa0000, 0x1327c130, 0x1327c200, 0x15000000)
 Metaspace       used 19282K, capacity 19831K, committed 20096K, reserved 20864K
Event: 517346.780 GC heap after
Heap after GC invocations=5189 (full 2):
 def new generation   total 39424K, used 571K [0x05000000, 0x07ac0000, 0x0faa0000)
  eden space 35072K,   0% used [0x05000000, 0x05000000, 0x07240000)
  from space 4352K,  13% used [0x07240000, 0x072ceed0, 0x07680000)
  to   space 4352K,   0% used [0x07680000, 0x07680000, 0x07ac0000)
 tenured generation   total 87424K, used 59423K [0x0faa0000, 0x15000000, 0x25000000)
   the space 87424K,  67% used [0x0faa0000, 0x134a7e80, 0x134a8000, 0x15000000)
 Metaspace       used 19282K, capacity 19831K, committed 20096K, reserved 20864K
}

